\BOOKMARK [0][-]{section*.2}{List of Tables}{}% 1
\BOOKMARK [0][-]{section*.4}{List of Figures}{}% 2
\BOOKMARK [0][-]{chapter.1}{Introduction}{}% 3
\BOOKMARK [1][-]{section.1.1}{Summary of Contributions}{chapter.1}% 4
\BOOKMARK [1][-]{section.1.2}{Outline}{chapter.1}% 5
\BOOKMARK [0][-]{chapter.2}{Training Feed Forward Artificial Neural Networks}{}% 6
\BOOKMARK [1][-]{section.2.1}{Feed Forward Artificial Neural Networks}{chapter.2}% 7
\BOOKMARK [2][-]{subsection.2.1.1}{Perceptron}{section.2.1}% 8
\BOOKMARK [2][-]{subsection.2.1.2}{Multiple Layers for Complex Models}{section.2.1}% 9
\BOOKMARK [2][-]{subsection.2.1.3}{Training}{section.2.1}% 10
\BOOKMARK [2][-]{subsection.2.1.4}{Overfitting}{section.2.1}% 11
\BOOKMARK [1][-]{section.2.2}{Optimization Methods for Training ff-ANNs}{chapter.2}% 12
\BOOKMARK [2][-]{subsection.2.2.1}{First Order Methods}{section.2.2}% 13
\BOOKMARK [2][-]{subsection.2.2.2}{Second Order Methods}{section.2.2}% 14
\BOOKMARK [1][-]{section.2.3}{Trust Region Methods}{chapter.2}% 15
\BOOKMARK [2][-]{subsection.2.3.1}{Subproblem Definition}{section.2.3}% 16
\BOOKMARK [2][-]{subsection.2.3.2}{Step Calculation: Solving the Trust Region Subproblem}{section.2.3}% 17
\BOOKMARK [2][-]{subsection.2.3.3}{Acceptance of the trial point}{section.2.3}% 18
\BOOKMARK [2][-]{subsection.2.3.4}{Trust region radius update}{section.2.3}% 19
\BOOKMARK [2][-]{subsection.2.3.5}{Method Summary}{section.2.3}% 20
\BOOKMARK [0][-]{chapter.3}{Solving the Trust Region Subproblem for Feedforward Neural Networks}{}% 21
\BOOKMARK [1][-]{section.3.1}{Computing the Solution to the TRS}{chapter.3}% 22
\BOOKMARK [2][-]{subsection.3.1.1}{Conjugate Gradient}{section.3.1}% 23
\BOOKMARK [2][-]{subsection.3.1.2}{QZ Method}{section.3.1}% 24
\BOOKMARK [2][-]{subsection.3.1.3}{Computing Hk}{section.3.1}% 25
\BOOKMARK [2][-]{subsection.3.1.4}{Computing The Boundary Solution, p1}{section.3.1}% 26
\BOOKMARK [2][-]{subsection.3.1.5}{Summary of TRS Solution Method}{section.3.1}% 27
\BOOKMARK [0][-]{chapter.4}{Modified Trust Region Methods}{}% 28
\BOOKMARK [1][-]{subsection.4.0.1}{Challenge: Stochastic Variations on the TRM}{chapter.4}% 29
\BOOKMARK [1][-]{section.4.1}{Stochastic Subsampling of Training Samples}{chapter.4}% 30
\BOOKMARK [1][-]{section.4.2}{Weight Subsampling}{chapter.4}% 31
\BOOKMARK [1][-]{section.4.3}{Hybrid Approach}{chapter.4}% 32
\BOOKMARK [1][-]{section.4.4}{Summary}{chapter.4}% 33
\BOOKMARK [0][-]{chapter.5}{Numerical Results}{}% 34
\BOOKMARK [1][-]{section.5.1}{Experimental Set-up}{chapter.5}% 35
\BOOKMARK [2][-]{subsection.5.1.1}{Datasets}{section.5.1}% 36
\BOOKMARK [2][-]{subsection.5.1.2}{Network Structure}{section.5.1}% 37
\BOOKMARK [1][-]{section.5.2}{Methods for Comparison}{chapter.5}% 38
\BOOKMARK [2][-]{subsection.5.2.1}{Time Required for a Reasonable Solution}{section.5.2}% 39
\BOOKMARK [1][-]{section.5.3}{CPU time of TRM vs SGD}{chapter.5}% 40
\BOOKMARK [1][-]{section.5.4}{Using TRM and MBGD in Hybrid: TRMMBGD}{chapter.5}% 41
\BOOKMARK [1][-]{section.5.5}{Stochastic TRMs}{chapter.5}% 42
\BOOKMARK [2][-]{subsection.5.5.1}{Adaptive Trust Region Reduction Scheme}{section.5.5}% 43
\BOOKMARK [2][-]{subsection.5.5.2}{Traditional TRM \040Update Scheme}{section.5.5}% 44
\BOOKMARK [1][-]{section.5.6}{Reducing the Dimentionality of TRS}{chapter.5}% 45
\BOOKMARK [1][-]{section.5.7}{CPU Time Analysis}{chapter.5}% 46
\BOOKMARK [1][-]{section.5.8}{Robustness Test}{chapter.5}% 47
\BOOKMARK [2][-]{subsection.5.8.1}{The XOR Problem}{section.5.8}% 48
\BOOKMARK [2][-]{subsection.5.8.2}{XOR Training Results}{section.5.8}% 49
\BOOKMARK [0][-]{chapter.6}{Conclusion}{}% 50
\BOOKMARK [1][-]{section.6.1}{Future Work}{chapter.6}% 51
\BOOKMARK [0][-]{appendix*.110}{APPENDICES}{}% 52
\BOOKMARK [1][-]{section.Alph0.1}{Pearlmutter Trick for Computing Second Order Information}{appendix*.110}% 53
\BOOKMARK [2][-]{subsection.Alph0.1.1}{Forward and Back Propagations}{section.Alph0.1}% 54
\BOOKMARK [1][-]{section.Alph0.2}{Complexity Analysis}{appendix*.110}% 55
\BOOKMARK [2][-]{subsection.Alph0.2.1}{Complexity Analysis of The Pearlmutter Trick for ff-ANNs}{section.Alph0.2}% 56
\BOOKMARK [1][-]{section.Alph0.3}{Computing TRS Solution: Complexity}{appendix*.110}% 57
\BOOKMARK [0][-]{appendix.A}{Hyperparameters}{}% 58
\BOOKMARK [0][-]{appendix.B}{}{}% 59
\BOOKMARK [1][-]{subsection.B.0.1}{Habe}{appendix.B}% 60
\BOOKMARK [2][-]{subsection.B.0.2}{Nurs}{subsection.B.0.1}% 61
\BOOKMARK [2][-]{subsection.B.0.3}{IRIS}{subsection.B.0.1}% 62
\BOOKMARK [2][-]{subsection.B.0.4}{Derm}{subsection.B.0.1}% 63
\BOOKMARK [2][-]{subsection.B.0.5}{MNIST}{subsection.B.0.1}% 64
\BOOKMARK [0][-]{appendix.C}{PDF Plots From Matlab}{}% 65
\BOOKMARK [0][-]{section*.178}{References}{}% 66
