This is pdfTeX, Version 3.14159265-2.6-1.40.16 (MiKTeX 2.9) (preloaded format=pdflatex 2017.5.21)  19 SEP 2017 23:18
entering extended mode
**uw-ethesis.tex
(uw-ethesis.tex
LaTeX2e <2015/01/01> patch level 2
Babel <3.9m> and hyphenation patterns for 69 languages loaded.
("C:\Program Files (x86)\MiKTeX 2.9\tex\latex\base\book.cls"
Document Class: book 2014/09/29 v1.4h Standard LaTeX document class
("C:\Program Files (x86)\MiKTeX 2.9\tex\latex\base\bk12.clo"
File: bk12.clo 2014/09/29 v1.4h Standard LaTeX file (size option)
)
\c@part=\count79
\c@chapter=\count80
\c@section=\count81
\c@subsection=\count82
\c@subsubsection=\count83
\c@paragraph=\count84
\c@subparagraph=\count85
\c@figure=\count86
\c@table=\count87
\abovecaptionskip=\skip41
\belowcaptionskip=\skip42
\bibindent=\dimen102
)
("C:\Program Files (x86)\MiKTeX 2.9\tex\latex\base\ifthen.sty"
Package: ifthen 2014/09/29 v1.1c Standard LaTeX ifthen package (DPC)
)
("C:\Program Files (x86)\MiKTeX 2.9\tex\latex\amsmath\amsmath.sty"
Package: amsmath 2013/01/14 v2.14 AMS math features
\@mathmargin=\skip43

For additional information on amsmath, use the `?' option.
("C:\Program Files (x86)\MiKTeX 2.9\tex\latex\amsmath\amstext.sty"
Package: amstext 2000/06/29 v2.01

("C:\Program Files (x86)\MiKTeX 2.9\tex\latex\amsmath\amsgen.sty"
File: amsgen.sty 1999/11/30 v2.0
\@emptytoks=\toks14
\ex@=\dimen103
))
("C:\Program Files (x86)\MiKTeX 2.9\tex\latex\amsmath\amsbsy.sty"
Package: amsbsy 1999/11/29 v1.2d
\pmbraise@=\dimen104
)
("C:\Program Files (x86)\MiKTeX 2.9\tex\latex\amsmath\amsopn.sty"
Package: amsopn 1999/12/14 v2.01 operator names
)
\inf@bad=\count88
LaTeX Info: Redefining \frac on input line 210.
\uproot@=\count89
\leftroot@=\count90
LaTeX Info: Redefining \overline on input line 306.
\classnum@=\count91
\DOTSCASE@=\count92
LaTeX Info: Redefining \ldots on input line 378.
LaTeX Info: Redefining \dots on input line 381.
LaTeX Info: Redefining \cdots on input line 466.
\Mathstrutbox@=\box26
\strutbox@=\box27
\big@size=\dimen105
LaTeX Font Info:    Redeclaring font encoding OML on input line 566.
LaTeX Font Info:    Redeclaring font encoding OMS on input line 567.
\macc@depth=\count93
\c@MaxMatrixCols=\count94
\dotsspace@=\muskip10
\c@parentequation=\count95
\dspbrk@lvl=\count96
\tag@help=\toks15
\row@=\count97
\column@=\count98
\maxfields@=\count99
\andhelp@=\toks16
\eqnshift@=\dimen106
\alignsep@=\dimen107
\tagshift@=\dimen108
\tagwidth@=\dimen109
\totwidth@=\dimen110
\lineht@=\dimen111
\@envbody=\toks17
\multlinegap=\skip44
\multlinetaggap=\skip45
\mathdisplay@stack=\toks18
LaTeX Info: Redefining \[ on input line 2665.
LaTeX Info: Redefining \] on input line 2666.
)
("C:\Program Files (x86)\MiKTeX 2.9\tex\latex\amsfonts\amssymb.sty"
Package: amssymb 2013/01/14 v3.01 AMS font symbols

("C:\Program Files (x86)\MiKTeX 2.9\tex\latex\amsfonts\amsfonts.sty"
Package: amsfonts 2013/01/14 v3.01 Basic AMSFonts support
\symAMSa=\mathgroup4
\symAMSb=\mathgroup5
LaTeX Font Info:    Overwriting math alphabet `\mathfrak' in version `bold'
(Font)                  U/euf/m/n --> U/euf/b/n on input line 106.
))
("C:\Program Files (x86)\MiKTeX 2.9\tex\latex\graphics\graphicx.sty"
Package: graphicx 2014/10/28 v1.0g Enhanced LaTeX Graphics (DPC,SPQR)

("C:\Program Files (x86)\MiKTeX 2.9\tex\latex\graphics\keyval.sty"
Package: keyval 2014/10/28 v1.15 key=value parser (DPC)
\KV@toks@=\toks19
)
("C:\Program Files (x86)\MiKTeX 2.9\tex\latex\graphics\graphics.sty"
Package: graphics 2014/10/28 v1.0p Standard LaTeX Graphics (DPC,SPQR)

("C:\Program Files (x86)\MiKTeX 2.9\tex\latex\graphics\trig.sty"
Package: trig 1999/03/16 v1.09 sin cos tan (DPC)
)
("C:\Program Files (x86)\MiKTeX 2.9\tex\latex\00miktex\graphics.cfg"
File: graphics.cfg 2007/01/18 v1.5 graphics configuration of teTeX/TeXLive
)
Package graphics Info: Driver file: pdftex.def on input line 94.

("C:\Program Files (x86)\MiKTeX 2.9\tex\latex\pdftex-def\pdftex.def"
File: pdftex.def 2011/05/27 v0.06d Graphics/color for pdfTeX

("C:\Program Files (x86)\MiKTeX 2.9\tex\generic\oberdiek\infwarerr.sty"
Package: infwarerr 2010/04/08 v1.3 Providing info/warning/error messages (HO)
)
("C:\Program Files (x86)\MiKTeX 2.9\tex\generic\oberdiek\ltxcmds.sty"
Package: ltxcmds 2011/11/09 v1.22 LaTeX kernel commands for general use (HO)
)
\Gread@gobject=\count100
))
\Gin@req@height=\dimen112
\Gin@req@width=\dimen113
)
("C:\Program Files (x86)\MiKTeX 2.9\tex\generic\oberdiek\mleftright.sty"
Package: mleftright 2010/09/25 v1.0 Math left/right delim. as open/close (HO)
)
("C:\Program Files (x86)\MiKTeX 2.9\tex\latex\algorithms\algorithm.sty"
Package: algorithm 2009/08/24 v0.1 Document Style `algorithm' - floating enviro
nment

("C:\Program Files (x86)\MiKTeX 2.9\tex\latex\float\float.sty"
Package: float 2001/11/08 v1.3d Float enhancements (AL)
\c@float@type=\count101
\float@exts=\toks20
\float@box=\box28
\@float@everytoks=\toks21
\@floatcapt=\box29
)
\@float@every@algorithm=\toks22
\c@algorithm=\count102
)
(algpseudocode.sty
Package: algpseudocode 
 (algorithmicx.sty
Package: algorithmicx 2005/04/27 v1.2 Algorithmicx

Document Style algorithmicx 1.2 - a greatly improved `algorithmic' style
\c@ALG@line=\count103
\c@ALG@rem=\count104
\c@ALG@nested=\count105
\ALG@tlm=\skip46
\ALG@thistlm=\skip47
\c@ALG@Lnr=\count106
\c@ALG@blocknr=\count107
\c@ALG@storecount=\count108
\c@ALG@tmpcounter=\count109
\ALG@tmplength=\skip48
)
Document Style - pseudocode environments for use with the `algorithmicx' style
) ("C:\Program Files (x86)\MiKTeX 2.9\tex\latex\placeins\placeins.sty"
Package: placeins 2005/04/18  v 2.2
)
("C:\Program Files (x86)\MiKTeX 2.9\tex\latex\graphics\color.sty"
Package: color 2014/10/28 v1.1a Standard LaTeX Color (DPC)

("C:\Program Files (x86)\MiKTeX 2.9\tex\latex\00miktex\color.cfg"
File: color.cfg 2007/01/18 v1.5 color configuration of teTeX/TeXLive
)
Package color Info: Driver file: pdftex.def on input line 142.
)
("C:\Program Files (x86)\MiKTeX 2.9\tex\latex\soul\soul.sty"
Package: soul 2003/11/17 v2.4 letterspacing/underlining (mf)
\SOUL@word=\toks23
\SOUL@lasttoken=\toks24
\SOUL@cmds=\toks25
\SOUL@buffer=\toks26
\SOUL@token=\toks27
\SOUL@spaceskip=\skip49
\SOUL@ttwidth=\dimen114
\SOUL@uldp=\dimen115
\SOUL@ulht=\dimen116
)
("C:\Program Files (x86)\MiKTeX 2.9\tex\latex\caption\caption.sty"
Package: caption 2015/09/17 v3.3-111 Customizing captions (AR)

("C:\Program Files (x86)\MiKTeX 2.9\tex\latex\caption\caption3.sty"
Package: caption3 2015/09/20 v1.7-115 caption3 kernel (AR)
Package caption3 Info: TeX engine: e-TeX on input line 57.
\captionmargin=\dimen117
\captionmargin@=\dimen118
\captionwidth=\dimen119
\caption@tempdima=\dimen120
\caption@indent=\dimen121
\caption@parindent=\dimen122
\caption@hangindent=\dimen123
)
\c@ContinuedFloat=\count110
Package caption Info: float package is loaded.
)
("C:\Program Files (x86)\MiKTeX 2.9\tex\latex\caption\subcaption.sty"
Package: subcaption 2015/09/15 v1.1-100 Sub-captions (AR)
\c@subfigure=\count111
\c@subtable=\count112
)
("C:\Program Files (x86)\MiKTeX 2.9\tex\latex\mathtools\empheq.sty"
Package: empheq 2014/07/16 v2.14 Emphasizing equations

("C:\Program Files (x86)\MiKTeX 2.9\tex\latex\mathtools\mhsetup.sty"
Package: mhsetup 2010/01/21 v1.2a programming setup (MH)
)
("C:\Program Files (x86)\MiKTeX 2.9\tex\latex\mathtools\mathtools.sty"
Package: mathtools 2015/11/12 v1.18 mathematical typesetting tools

("C:\Program Files (x86)\MiKTeX 2.9\tex\latex\tools\calc.sty"
Package: calc 2014/10/28 v4.3 Infix arithmetic (KKT,FJ)
\calc@Acount=\count113
\calc@Bcount=\count114
\calc@Adimen=\dimen124
\calc@Bdimen=\dimen125
\calc@Askip=\skip50
\calc@Bskip=\skip51
LaTeX Info: Redefining \setlength on input line 80.
LaTeX Info: Redefining \addtolength on input line 81.
\calc@Ccount=\count115
\calc@Cskip=\skip52
)
LaTeX Info: Thecontrolsequence`\('isalreadyrobust on input line 129.
LaTeX Info: Thecontrolsequence`\)'isalreadyrobust on input line 129.
LaTeX Info: Thecontrolsequence`\['isalreadyrobust on input line 129.
LaTeX Info: Thecontrolsequence`\]'isalreadyrobust on input line 129.
\g_MT_multlinerow_int=\count116
\l_MT_multwidth_dim=\dimen126
\origjot=\skip53
\l_MT_shortvdotswithinadjustabove_dim=\dimen127
\l_MT_shortvdotswithinadjustbelow_dim=\dimen128
\l_MT_above_intertext_sep=\dimen129
\l_MT_below_intertext_sep=\dimen130
\l_MT_above_shortintertext_sep=\dimen131
\l_MT_below_shortintertext_sep=\dimen132
)
\l_EQ_equationtype_int=\count117
\l_EQ_alignmentmode_int=\count118
\l_EQ_totalwidth_dim=\dimen133
\l_EQ_displaywidth_dim=\dimen134
\l_EQ_temp_linewidth_dim=\dimen135
\EmphEqdelimitershortfall=\dimen136
\EmphEqdelimiterfactor=\count119
\g_EQ_toptag_height_dim=\dimen137
\g_EQ_bottomtag_depth_dim=\dimen138
\g_EQ_toprow_height_dim=\dimen139
\g_EQ_bottomrow_depth_dim=\dimen140
\g_EQ_widesttag_dim=\dimen141
\EQ_mathdisplay_box=\box30
\EQ_tag_box=\box31
\g_EQ_temprow_int=\count120
)
("C:\Program Files (x86)\MiKTeX 2.9\tex\latex\hyperref\hyperref.sty"
Package: hyperref 2012/11/06 v6.83m Hypertext links for LaTeX

("C:\Program Files (x86)\MiKTeX 2.9\tex\generic\oberdiek\hobsub-hyperref.sty"
Package: hobsub-hyperref 2012/04/25 v1.12 Bundle oberdiek, subset hyperref (HO)


("C:\Program Files (x86)\MiKTeX 2.9\tex\generic\oberdiek\hobsub-generic.sty"
Package: hobsub-generic 2012/04/25 v1.12 Bundle oberdiek, subset generic (HO)
Package: hobsub 2012/04/25 v1.12 Construct package bundles (HO)
Package hobsub Info: Skipping package `infwarerr' (already loaded).
Package hobsub Info: Skipping package `ltxcmds' (already loaded).
Package: ifluatex 2010/03/01 v1.3 Provides the ifluatex switch (HO)
Package ifluatex Info: LuaTeX not detected.
Package: ifvtex 2010/03/01 v1.5 Detect VTeX and its facilities (HO)
Package ifvtex Info: VTeX not detected.
Package: intcalc 2007/09/27 v1.1 Expandable calculations with integers (HO)
Package: ifpdf 2011/01/30 v2.3 Provides the ifpdf switch (HO)
Package ifpdf Info: pdfTeX in PDF mode is detected.
Package: etexcmds 2011/02/16 v1.5 Avoid name clashes with e-TeX commands (HO)
Package etexcmds Info: Could not find \expanded.
(etexcmds)             That can mean that you are not using pdfTeX 1.50 or
(etexcmds)             that some package has redefined \expanded.
(etexcmds)             In the latter case, load this package earlier.
Package: kvsetkeys 2012/04/25 v1.16 Key value parser (HO)
Package: kvdefinekeys 2011/04/07 v1.3 Define keys (HO)
Package: pdftexcmds 2011/11/29 v0.20 Utility functions of pdfTeX for LuaTeX (HO
)
Package pdftexcmds Info: LuaTeX not detected.
Package pdftexcmds Info: \pdf@primitive is available.
Package pdftexcmds Info: \pdf@ifprimitive is available.
Package pdftexcmds Info: \pdfdraftmode found.
Package: pdfescape 2011/11/25 v1.13 Implements pdfTeX's escape features (HO)
Package: bigintcalc 2012/04/08 v1.3 Expandable calculations on big integers (HO
)
Package: bitset 2011/01/30 v1.1 Handle bit-vector datatype (HO)
Package: uniquecounter 2011/01/30 v1.2 Provide unlimited unique counter (HO)
)
Package hobsub Info: Skipping package `hobsub' (already loaded).
Package: letltxmacro 2010/09/02 v1.4 Let assignment for LaTeX macros (HO)
Package: hopatch 2011/06/24 v1.1 Wrapper for package hooks (HO)
Package: xcolor-patch 2011/01/30 xcolor patch
Package: atveryend 2011/06/30 v1.8 Hooks at the very end of document (HO)
Package atveryend Info: \enddocument detected (standard20110627).
Package: atbegshi 2011/10/05 v1.16 At begin shipout hook (HO)
Package: refcount 2011/10/16 v3.4 Data extraction from label references (HO)
Package: hycolor 2011/01/30 v1.7 Color options for hyperref/bookmark (HO)
)
("C:\Program Files (x86)\MiKTeX 2.9\tex\generic\ifxetex\ifxetex.sty"
Package: ifxetex 2010/09/12 v0.6 Provides ifxetex conditional
)
("C:\Program Files (x86)\MiKTeX 2.9\tex\latex\oberdiek\auxhook.sty"
Package: auxhook 2011/03/04 v1.3 Hooks for auxiliary files (HO)
)
("C:\Program Files (x86)\MiKTeX 2.9\tex\latex\oberdiek\kvoptions.sty"
Package: kvoptions 2011/06/30 v3.11 Key value format for package options (HO)
)
\@linkdim=\dimen142
\Hy@linkcounter=\count121
\Hy@pagecounter=\count122

("C:\Program Files (x86)\MiKTeX 2.9\tex\latex\hyperref\pd1enc.def"
File: pd1enc.def 2012/11/06 v6.83m Hyperref: PDFDocEncoding definition (HO)
)
\Hy@SavedSpaceFactor=\count123

("C:\Program Files (x86)\MiKTeX 2.9\tex\latex\00miktex\hyperref.cfg"
File: hyperref.cfg 2002/06/06 v1.2 hyperref configuration of TeXLive
)
Package hyperref Info: Option `final' set `true' on input line 4319.


Package hyperref Warning: Option `letterpaper' is no longer used.

Package hyperref Info: Hyper figures OFF on input line 4443.
Package hyperref Info: Link nesting OFF on input line 4448.
Package hyperref Info: Hyper index ON on input line 4451.
Package hyperref Info: Plain pages OFF on input line 4458.
Package hyperref Info: Backreferencing OFF on input line 4463.
Package hyperref Info: Implicit mode ON; LaTeX internals redefined.
Package hyperref Info: Bookmarks ON on input line 4688.
LaTeX Info: Redefining \href on input line 4952.
\c@Hy@tempcnt=\count124
("C:\Program Files (x86)\MiKTeX 2.9\tex\latex\url\url.sty"
\Urlmuskip=\muskip11
Package: url 2013/09/16  ver 3.4  Verb mode for urls, etc.
)
LaTeX Info: Redefining \url on input line 5041.
\XeTeXLinkMargin=\dimen143
\Fld@menulength=\count125
\Field@Width=\dimen144
\Fld@charsize=\dimen145
Package hyperref Info: Hyper figures OFF on input line 6295.
Package hyperref Info: Link nesting OFF on input line 6300.
Package hyperref Info: Hyper index ON on input line 6303.
Package hyperref Info: backreferencing OFF on input line 6310.
Package hyperref Info: Link coloring OFF on input line 6315.
Package hyperref Info: Link coloring with OCG OFF on input line 6320.
Package hyperref Info: PDF/A mode OFF on input line 6325.
LaTeX Info: Redefining \ref on input line 6365.
LaTeX Info: Redefining \pageref on input line 6369.
\Hy@abspage=\count126
\c@Item=\count127
\c@Hfootnote=\count128
)

Package hyperref Message: Driver: hpdftex.

("C:\Program Files (x86)\MiKTeX 2.9\tex\latex\hyperref\hpdftex.def"
File: hpdftex.def 2012/11/06 v6.83m Hyperref driver for pdfTeX
\Fld@listcount=\count129
\c@bookmark@seq@number=\count130

("C:\Program Files (x86)\MiKTeX 2.9\tex\latex\oberdiek\rerunfilecheck.sty"
Package: rerunfilecheck 2011/04/15 v1.7 Rerun checks for auxiliary files (HO)
Package uniquecounter Info: New unique counter `rerunfilecheck' on input line 2
82.
)
\Hy@SectionHShift=\skip54
)
Package hyperref Info: Option `plainpages' set `false' on input line 127.


Package hyperref Warning: Option `pdfpagelabels' has already been used,
(hyperref)                setting the option has no effect on input line 127.


Package hyperref Warning: Option `bookmarks' has already been used,
(hyperref)                setting the option has no effect on input line 127.

Package hyperref Info: Option `unicode' set `false' on input line 127.
Package hyperref Info: Option `pdftoolbar' set `true' on input line 127.
Package hyperref Info: Option `pdfmenubar' set `true' on input line 127.
Package hyperref Info: Option `pdffitwindow' set `false' on input line 127.
Package hyperref Info: Option `pdfnewwindow' set `true' on input line 127.
Package hyperref Info: Option `colorlinks' set `true' on input line 127.
(uw-ethesis.aux

LaTeX Warning: Label `algorithm:cg' multiply defined.


LaTeX Warning: Label `equation:biasindex' multiply defined.

)
LaTeX Font Info:    Checking defaults for OML/cmm/m/it on input line 182.
LaTeX Font Info:    ... okay on input line 182.
LaTeX Font Info:    Checking defaults for T1/cmr/m/n on input line 182.
LaTeX Font Info:    ... okay on input line 182.
LaTeX Font Info:    Checking defaults for OT1/cmr/m/n on input line 182.
LaTeX Font Info:    ... okay on input line 182.
LaTeX Font Info:    Checking defaults for OMS/cmsy/m/n on input line 182.
LaTeX Font Info:    ... okay on input line 182.
LaTeX Font Info:    Checking defaults for OMX/cmex/m/n on input line 182.
LaTeX Font Info:    ... okay on input line 182.
LaTeX Font Info:    Checking defaults for U/cmr/m/n on input line 182.
LaTeX Font Info:    ... okay on input line 182.
LaTeX Font Info:    Checking defaults for PD1/pdf/m/n on input line 182.
LaTeX Font Info:    ... okay on input line 182.
 ("C:\Program Files (x86)\MiKTeX 2.9\tex\context\base\supp-pdf.mkii"
[Loading MPS to PDF converter (version 2006.09.02).]
\scratchcounter=\count131
\scratchdimen=\dimen146
\scratchbox=\box32
\nofMPsegments=\count132
\nofMParguments=\count133
\everyMPshowfont=\toks28
\MPscratchCnt=\count134
\MPscratchDim=\dimen147
\MPnumerator=\count135
\makeMPintoPDFobject=\count136
\everyMPtoPDFconversion=\toks29
)
Package caption Info: Begin \AtBeginDocument code.
Package caption Info: hyperref package is loaded.
Package caption Info: End \AtBeginDocument code.
LaTeX Info: Redefining \[ on input line 182.
LaTeX Info: Redefining \] on input line 182.
\AtBeginShipoutBox=\box33
Package hyperref Info: Link coloring ON on input line 182.
 ("C:\Program Files (x86)\MiKTeX 2.9\tex\latex\hyperref\nameref.sty"
Package: nameref 2012/10/27 v2.43 Cross-referencing by name of section

("C:\Program Files (x86)\MiKTeX 2.9\tex\generic\oberdiek\gettitlestring.sty"
Package: gettitlestring 2010/12/03 v1.4 Cleanup title references (HO)
)
\c@section@level=\count137
)
LaTeX Info: Redefining \ref on input line 182.
LaTeX Info: Redefining \pageref on input line 182.
LaTeX Info: Redefining \nameref on input line 182.

(uw-ethesis.out) (uw-ethesis.out)
\@outlinefile=\write3
 (uw-ethesis-frontpgs.tex
LaTeX Font Info:    Try loading font information for OMS+cmr on input line 45.

("C:\Program Files (x86)\MiKTeX 2.9\tex\latex\base\omscmr.fd"
File: omscmr.fd 2014/09/29 v2.5h Standard LaTeX font definitions
)
LaTeX Font Info:    Font shape `OMS/cmr/m/n' in size <12> not available
(Font)              Font shape `OMS/cmsy/m/n' tried instead on input line 45.
 [1





pdfTeX warning: pdflatex.exe (file pdftex.map): cannot open font map file
] [2


] [3


] [4


] [5


] (uw-ethesis.toc
LaTeX Font Info:    Try loading font information for U+msa on input line 4.

("C:\Program Files (x86)\MiKTeX 2.9\tex\latex\amsfonts\umsa.fd"
File: umsa.fd 2013/01/14 v3.01 AMS symbols A
)
LaTeX Font Info:    Try loading font information for U+msb on input line 4.

("C:\Program Files (x86)\MiKTeX 2.9\tex\latex\amsfonts\umsb.fd"
File: umsb.fd 2013/01/14 v3.01 AMS symbols B
) [6




] [7])
\tf@toc=\write4

[8] (uw-ethesis.lot [9




]
Overfull \hbox (1.97968pt too wide) in paragraph at lines 34--34
 [][] [][][]\OT1/cmr/m/n/12 Final ob-jec-tive func-tion achieved for train-ing 
an ff-ANN on the set of datasets 
 []

)
\tf@lot=\write5
 [10] (uw-ethesis.lof
Overfull \hbox (5.71513pt too wide) in paragraph at lines 13--13
 [][] [][][]\OT1/cmr/m/n/12 Comparing \OT1/cmr/bx/n/12 TRM \OT1/cmr/m/n/12 with
 stochas-tic train-ing ex-am-ple sub-sam-pling \OT1/cmr/bx/n/12 TRM \OT1/cmr/m/
n/12 meth- 
 []

[11




]
Overfull \hbox (17.7914pt too wide) in paragraph at lines 14--14
 [][] [][][]\OT1/cmr/m/n/12 Comparing \OT1/cmr/bx/n/12 TRM \OT1/cmr/m/n/12 with
 stochas-tic train-ing ex-am-ple sub-sam-pling \OT1/cmr/bx/n/12 TRM \OT1/cmr/m/
n/12 method, 
 []

)
\tf@lof=\write6
 [12])
Chapter 1.
[1




] [2] [3] [4] [5]
Chapter 2.
[6


]
<../../Desktop/figures/single_perceptron.PNG, id=587, 703.12688pt x 392.21532pt
>
File: ../../Desktop/figures/single_perceptron.PNG Graphic file (type png)
 <use ../../Desktop/figures/single_perceptron.PNG>
Package pdftex.def Info: ../../Desktop/figures/single_perceptron.PNG used on in
put line 290.
(pdftex.def)             Requested size: 227.62204pt x 126.96574pt.


LaTeX Warning: `h' float specifier changed to `ht'.

[7]
<../../Desktop/figures/single_neuron.PNG, id=610, 411.78844pt x 405.76593pt>
File: ../../Desktop/figures/single_neuron.PNG Graphic file (type png)

<use ../../Desktop/figures/single_neuron.PNG>
Package pdftex.def Info: ../../Desktop/figures/single_neuron.PNG used on input 
line 324.
(pdftex.def)             Requested size: 138.21777pt x 136.19402pt.

<../../Desktop/figures/first_layer_2neurons.PNG, id=611, 409.53pt x 406.51875pt
>
File: ../../Desktop/figures/first_layer_2neurons.PNG Graphic file (type png)
 <use ../../Desktop/figures/first_layer_2neurons.PNG>
Package pdftex.def Info: ../../Desktop/figures/first_layer_2neurons.PNG used on
 input line 328.
(pdftex.def)             Requested size: 138.21777pt x 137.20346pt.

<../../Desktop/figures/secon_layer_1neuron.PNG, id=612, 411.03563pt x 407.27156
pt>
File: ../../Desktop/figures/secon_layer_1neuron.PNG Graphic file (type png)
 <use ../../Desktop/figures/secon_layer_1neuron.PNG>
Package pdftex.def Info: ../../Desktop/figures/secon_layer_1neuron.PNG used on 
input line 332.
(pdftex.def)             Requested size: 138.21777pt x 136.94795pt.
 [8 <../../Desktop/figures/single_perceptron.PNG>] [9 <../../Desktop/figures/si
ngle_neuron.PNG> <../../Desktop/figures/first_layer_2neurons.PNG> <../../Deskto
p/figures/secon_layer_1neuron.PNG>] [10] [11]
<../../Desktop/figures/Deeplearning_HF_valley.PNG, id=671, 1009.52156pt x 567.6
2062pt>
File: ../../Desktop/figures/Deeplearning_HF_valley.PNG Graphic file (type png)
 <use ../../Desktop/figures/Deeplearning_HF_valley.PNG>
Package pdftex.def Info: ../../Desktop/figures/Deeplearning_HF_valley.PNG used 
on input line 417.
(pdftex.def)             Requested size: 230.36061pt x 129.5193pt.


LaTeX Warning: `h' float specifier changed to `ht'.

[12] [13 <../../Desktop/figures/Deeplearning_HF_valley.PNG>] [14] [15] [16]
[17] [18] [19] [20]
Package hyperref Info: bookmark level for unknown algorithm defaults to 0 on in
put line 691.
 [21] [22] [23] [24]
Chapter 3.
[25


]

Package hyperref Warning: Token not allowed in a PDF string (PDFDocEncoding):
(hyperref)                removing `math shift' on input line 836.


Package hyperref Warning: Token not allowed in a PDF string (PDFDocEncoding):
(hyperref)                removing `subscript' on input line 836.


Package hyperref Warning: Token not allowed in a PDF string (PDFDocEncoding):
(hyperref)                removing `math shift' on input line 836.

[26]

Package hyperref Warning: Token not allowed in a PDF string (PDFDocEncoding):
(hyperref)                removing `math shift' on input line 864.


Package hyperref Warning: Token not allowed in a PDF string (PDFDocEncoding):
(hyperref)                removing `subscript' on input line 864.


Package hyperref Warning: Token not allowed in a PDF string (PDFDocEncoding):
(hyperref)                removing `math shift' on input line 864.

[27] [28] [29]
Chapter 4.

Package hyperref Warning: Difference (2) between bookmark levels is greater 
(hyperref)                than one, level fixed on input line 929.

[30


] [31]
<../../Desktop/Figures/MNIST_SMBGDGD.png, id=1045, 289.08pt x 216.81pt>
File: ../../Desktop/Figures/MNIST_SMBGDGD.png Graphic file (type png)

<use ../../Desktop/Figures/MNIST_SMBGDGD.png>
Package pdftex.def Info: ../../Desktop/Figures/MNIST_SMBGDGD.png used on input 
line 961.
(pdftex.def)             Requested size: 276.43555pt x 207.33794pt.
 [32 <../../Desktop/Figures/MNIST_SMBGDGD.png (PNG copy)>] [33] [34] [35] [36] 
[37]
Chapter 5.

LaTeX Warning: `h' float specifier changed to `ht'.


LaTeX Warning: `h' float specifier changed to `ht'.

<../../Desktop/figures/haberman_data.png, id=1111, 421.575pt x 316.18124pt>
File: ../../Desktop/figures/haberman_data.png Graphic file (type png)

<use ../../Desktop/figures/haberman_data.png>
Package pdftex.def Info: ../../Desktop/figures/haberman_data.png used on input 
line 1165.
(pdftex.def)             Requested size: 230.36061pt x 172.77127pt.


LaTeX Warning: `h' float specifier changed to `ht'.

[38


] <../../Desktop/figures/structure.PNG, id=1120, 615.0478pt x 603.0028pt>
File: ../../Desktop/figures/structure.PNG Graphic file (type png)

<use ../../Desktop/figures/structure.PNG>
Package pdftex.def Info: ../../Desktop/figures/structure.PNG used on input line
 1185.
(pdftex.def)             Requested size: 460.72124pt x 451.70813pt.


LaTeX Warning: `h' float specifier changed to `ht'.

[39] [40 <../../Desktop/figures/haberman_data.png (PNG copy)>] [41 <../../Deskt
op/figures/structure.PNG>] [42

]

LaTeX Warning: `h' float specifier changed to `ht'.

[43] <../../Desktop/Figures/Derm_TRMMBGD23.png, id=1165, 289.08pt x 216.81pt>
File: ../../Desktop/Figures/Derm_TRMMBGD23.png Graphic file (type png)

<use ../../Desktop/Figures/Derm_TRMMBGD23.png>
Package pdftex.def Info: ../../Desktop/Figures/Derm_TRMMBGD23.png used on input
 line 1270.
(pdftex.def)             Requested size: 207.32315pt x 155.49104pt.

<../../Desktop/Figures/IRIS_TRMMBGD23.png, id=1166, 289.08pt x 216.81pt>
File: ../../Desktop/Figures/IRIS_TRMMBGD23.png Graphic file (type png)

<use ../../Desktop/Figures/IRIS_TRMMBGD23.png>
Package pdftex.def Info: ../../Desktop/Figures/IRIS_TRMMBGD23.png used on input
 line 1273.
(pdftex.def)             Requested size: 207.32315pt x 155.49104pt.

<../../Desktop/Figures/Habe_TRMMBGD23.png, id=1167, 289.08pt x 216.81pt>
File: ../../Desktop/Figures/Habe_TRMMBGD23.png Graphic file (type png)

<use ../../Desktop/Figures/Habe_TRMMBGD23.png>
Package pdftex.def Info: ../../Desktop/Figures/Habe_TRMMBGD23.png used on input
 line 1276.
(pdftex.def)             Requested size: 207.32315pt x 155.49104pt.

<../../Desktop/Figures/Nurs_TRMMBGD23.png, id=1168, 289.08pt x 216.81pt>
File: ../../Desktop/Figures/Nurs_TRMMBGD23.png Graphic file (type png)

<use ../../Desktop/Figures/Nurs_TRMMBGD23.png>
Package pdftex.def Info: ../../Desktop/Figures/Nurs_TRMMBGD23.png used on input
 line 1279.
(pdftex.def)             Requested size: 207.32315pt x 155.49104pt.

<../../Desktop/Figures/MNIST_TRMMBGD23.png, id=1169, 289.08pt x 216.81pt>
File: ../../Desktop/Figures/MNIST_TRMMBGD23.png Graphic file (type png)

<use ../../Desktop/Figures/MNIST_TRMMBGD23.png>
Package pdftex.def Info: ../../Desktop/Figures/MNIST_TRMMBGD23.png used on inpu
t line 1282.
(pdftex.def)             Requested size: 207.32315pt x 155.49104pt.


LaTeX Warning: `h' float specifier changed to `ht'.


LaTeX Warning: `h' float specifier changed to `ht'.


LaTeX Warning: `h' float specifier changed to `ht'.

[44] [45 <../../Desktop/Figures/Derm_TRMMBGD23.png (PNG copy)> <../../Desktop/F
igures/IRIS_TRMMBGD23.png (PNG copy)> <../../Desktop/Figures/Habe_TRMMBGD23.png
 (PNG copy)> <../../Desktop/Figures/Nurs_TRMMBGD23.png (PNG copy)> <../../Deskt
op/Figures/MNIST_TRMMBGD23.png (PNG copy)>] [46]
<../../Desktop/Figures/Derm_SMBTRMTRM.png, id=1186, 289.08pt x 216.81pt>
File: ../../Desktop/Figures/Derm_SMBTRMTRM.png Graphic file (type png)

<use ../../Desktop/Figures/Derm_SMBTRMTRM.png>
Package pdftex.def Info: ../../Desktop/Figures/Derm_SMBTRMTRM.png used on input
 line 1358.
(pdftex.def)             Requested size: 207.32315pt x 155.49104pt.

<../../Desktop/Figures/IRIS_SMBTRMTRM.png, id=1187, 289.08pt x 216.81pt>
File: ../../Desktop/Figures/IRIS_SMBTRMTRM.png Graphic file (type png)

<use ../../Desktop/Figures/IRIS_SMBTRMTRM.png>
Package pdftex.def Info: ../../Desktop/Figures/IRIS_SMBTRMTRM.png used on input
 line 1361.
(pdftex.def)             Requested size: 207.32315pt x 155.49104pt.

<../../Desktop/Figures/Habe_SMBTRMTRM.png, id=1188, 289.08pt x 216.81pt>
File: ../../Desktop/Figures/Habe_SMBTRMTRM.png Graphic file (type png)

<use ../../Desktop/Figures/Habe_SMBTRMTRM.png>
Package pdftex.def Info: ../../Desktop/Figures/Habe_SMBTRMTRM.png used on input
 line 1364.
(pdftex.def)             Requested size: 207.32315pt x 155.49104pt.

<../../Desktop/Figures/Nurs_SMBTRMTRM.png, id=1189, 289.08pt x 216.81pt>
File: ../../Desktop/Figures/Nurs_SMBTRMTRM.png Graphic file (type png)

<use ../../Desktop/Figures/Nurs_SMBTRMTRM.png>
Package pdftex.def Info: ../../Desktop/Figures/Nurs_SMBTRMTRM.png used on input
 line 1367.
(pdftex.def)             Requested size: 207.32315pt x 155.49104pt.

<../../Desktop/Figures/MNIST_SMBTRMTRM.png, id=1190, 289.08pt x 216.81pt>
File: ../../Desktop/Figures/MNIST_SMBTRMTRM.png Graphic file (type png)

<use ../../Desktop/Figures/MNIST_SMBTRMTRM.png>
Package pdftex.def Info: ../../Desktop/Figures/MNIST_SMBTRMTRM.png used on inpu
t line 1370.
(pdftex.def)             Requested size: 207.32315pt x 155.49104pt.
 [47

] [48 <../../Desktop/Figures/Derm_SMBTRMTRM.png (PNG copy)> <../../Desktop/Figu
res/IRIS_SMBTRMTRM.png (PNG copy)> <../../Desktop/Figures/Habe_SMBTRMTRM.png (P
NG copy)> <../../Desktop/Figures/Nurs_SMBTRMTRM.png (PNG copy)> <../../Desktop/
Figures/MNIST_SMBTRMTRM.png (PNG copy)>]

LaTeX Warning: `h' float specifier changed to `ht'.


Package hyperref Warning: Token not allowed in a PDF string (PDFDocEncoding):
(hyperref)                removing `math shift' on input line 1447.


Package hyperref Warning: Token not allowed in a PDF string (PDFDocEncoding):
(hyperref)                removing `\gamma' on input line 1447.


Package hyperref Warning: Token not allowed in a PDF string (PDFDocEncoding):
(hyperref)                removing `math shift' on input line 1447.

[49] [50]
<../../Desktop/figures/Derm_BTRMTRM3.png, id=1222, 289.08pt x 216.81pt>
File: ../../Desktop/figures/Derm_BTRMTRM3.png Graphic file (type png)

<use ../../Desktop/figures/Derm_BTRMTRM3.png>
Package pdftex.def Info: ../../Desktop/figures/Derm_BTRMTRM3.png used on input 
line 1459.
(pdftex.def)             Requested size: 207.32315pt x 155.49104pt.

<../../Desktop/figures/IRIS_BTRMTRM3.png, id=1223, 289.08pt x 216.81pt>
File: ../../Desktop/figures/IRIS_BTRMTRM3.png Graphic file (type png)

<use ../../Desktop/figures/IRIS_BTRMTRM3.png>
Package pdftex.def Info: ../../Desktop/figures/IRIS_BTRMTRM3.png used on input 
line 1462.
(pdftex.def)             Requested size: 207.32315pt x 155.49104pt.

<../../Desktop/figures/Habe_BTRMTRM3.png, id=1224, 289.08pt x 216.81pt>
File: ../../Desktop/figures/Habe_BTRMTRM3.png Graphic file (type png)

<use ../../Desktop/figures/Habe_BTRMTRM3.png>
Package pdftex.def Info: ../../Desktop/figures/Habe_BTRMTRM3.png used on input 
line 1465.
(pdftex.def)             Requested size: 207.32315pt x 155.49104pt.

<../../Desktop/figures/Nurs_BTRMTRM3.png, id=1225, 289.08pt x 216.81pt>
File: ../../Desktop/figures/Nurs_BTRMTRM3.png Graphic file (type png)

<use ../../Desktop/figures/Nurs_BTRMTRM3.png>
Package pdftex.def Info: ../../Desktop/figures/Nurs_BTRMTRM3.png used on input 
line 1468.
(pdftex.def)             Requested size: 207.32315pt x 155.49104pt.

<../../Desktop/figures/MNIST_BTRMTRM3.png, id=1226, 289.08pt x 216.81pt>
File: ../../Desktop/figures/MNIST_BTRMTRM3.png Graphic file (type png)

<use ../../Desktop/figures/MNIST_BTRMTRM3.png>
Package pdftex.def Info: ../../Desktop/figures/MNIST_BTRMTRM3.png used on input
 line 1471.
(pdftex.def)             Requested size: 207.32315pt x 155.49104pt.
 [51] [52 <../../Desktop/figures/Derm_BTRMTRM3.png (PNG copy)> <../../Desktop/f
igures/IRIS_BTRMTRM3.png (PNG copy)> <../../Desktop/figures/Habe_BTRMTRM3.png (
PNG copy)> <../../Desktop/figures/Nurs_BTRMTRM3.png (PNG copy)> <../../Desktop/
figures/MNIST_BTRMTRM3.png (PNG copy)>]

LaTeX Warning: `h' float specifier changed to `ht'.


LaTeX Warning: `h' float specifier changed to `ht'.

[53] <../../Desktop/Figures/Derm_TRMWS.png, id=1249, 289.08pt x 216.81pt>
File: ../../Desktop/Figures/Derm_TRMWS.png Graphic file (type png)

<use ../../Desktop/Figures/Derm_TRMWS.png>
Package pdftex.def Info: ../../Desktop/Figures/Derm_TRMWS.png used on input lin
e 1549.
(pdftex.def)             Requested size: 207.32315pt x 155.49104pt.

<../../Desktop/Figures/IRIS_TRMWS.png, id=1250, 289.08pt x 216.81pt>
File: ../../Desktop/Figures/IRIS_TRMWS.png Graphic file (type png)

<use ../../Desktop/Figures/IRIS_TRMWS.png>
Package pdftex.def Info: ../../Desktop/Figures/IRIS_TRMWS.png used on input lin
e 1552.
(pdftex.def)             Requested size: 207.32315pt x 155.49104pt.

<../../Desktop/Figures/Habe_TRMWS.png, id=1251, 289.08pt x 216.81pt>
File: ../../Desktop/Figures/Habe_TRMWS.png Graphic file (type png)

<use ../../Desktop/Figures/Habe_TRMWS.png>
Package pdftex.def Info: ../../Desktop/Figures/Habe_TRMWS.png used on input lin
e 1555.
(pdftex.def)             Requested size: 207.32315pt x 155.49104pt.

<../../Desktop/Figures/Nurs_TRMWS.png, id=1252, 289.08pt x 216.81pt>
File: ../../Desktop/Figures/Nurs_TRMWS.png Graphic file (type png)

<use ../../Desktop/Figures/Nurs_TRMWS.png>
Package pdftex.def Info: ../../Desktop/Figures/Nurs_TRMWS.png used on input lin
e 1558.
(pdftex.def)             Requested size: 207.32315pt x 155.49104pt.

<../../Desktop/Figures/MNIST_TRMWS.png, id=1253, 289.08pt x 216.81pt>
File: ../../Desktop/Figures/MNIST_TRMWS.png Graphic file (type png)

<use ../../Desktop/Figures/MNIST_TRMWS.png>
Package pdftex.def Info: ../../Desktop/Figures/MNIST_TRMWS.png used on input li
ne 1561.
(pdftex.def)             Requested size: 207.32315pt x 155.49104pt.

<../../Desktop/figures/Derm_BTRMWS3.png, id=1254, 289.08pt x 216.81pt>
File: ../../Desktop/figures/Derm_BTRMWS3.png Graphic file (type png)

<use ../../Desktop/figures/Derm_BTRMWS3.png>
Package pdftex.def Info: ../../Desktop/figures/Derm_BTRMWS3.png used on input l
ine 1570.
(pdftex.def)             Requested size: 207.32315pt x 155.49104pt.

<../../Desktop/figures/IRIS_BTRMWS3.png, id=1255, 289.08pt x 216.81pt>
File: ../../Desktop/figures/IRIS_BTRMWS3.png Graphic file (type png)

<use ../../Desktop/figures/IRIS_BTRMWS3.png>
Package pdftex.def Info: ../../Desktop/figures/IRIS_BTRMWS3.png used on input l
ine 1573.
(pdftex.def)             Requested size: 207.32315pt x 155.49104pt.

<../../Desktop/figures/Habe_BTRMWS3.png, id=1256, 289.08pt x 216.81pt>
File: ../../Desktop/figures/Habe_BTRMWS3.png Graphic file (type png)

<use ../../Desktop/figures/Habe_BTRMWS3.png>
Package pdftex.def Info: ../../Desktop/figures/Habe_BTRMWS3.png used on input l
ine 1576.
(pdftex.def)             Requested size: 207.32315pt x 155.49104pt.

<../../Desktop/figures/Nurs_BTRMWS3.png, id=1257, 289.08pt x 216.81pt>
File: ../../Desktop/figures/Nurs_BTRMWS3.png Graphic file (type png)

<use ../../Desktop/figures/Nurs_BTRMWS3.png>
Package pdftex.def Info: ../../Desktop/figures/Nurs_BTRMWS3.png used on input l
ine 1579.
(pdftex.def)             Requested size: 207.32315pt x 155.49104pt.

<../../Desktop/figures/MNIST_BTRMWS3.png, id=1258, 289.08pt x 216.81pt>
File: ../../Desktop/figures/MNIST_BTRMWS3.png Graphic file (type png)

<use ../../Desktop/figures/MNIST_BTRMWS3.png>
Package pdftex.def Info: ../../Desktop/figures/MNIST_BTRMWS3.png used on input 
line 1582.
(pdftex.def)             Requested size: 207.32315pt x 155.49104pt.

<../../Desktop/Figures/Derm_SMBTRMWS2.png, id=1259, 289.08pt x 216.81pt>
File: ../../Desktop/Figures/Derm_SMBTRMWS2.png Graphic file (type png)

<use ../../Desktop/Figures/Derm_SMBTRMWS2.png>
Package pdftex.def Info: ../../Desktop/Figures/Derm_SMBTRMWS2.png used on input
 line 1595.
(pdftex.def)             Requested size: 207.32315pt x 155.49104pt.

<../../Desktop/Figures/IRIS_SMBTRMWS2.png, id=1260, 289.08pt x 216.81pt>
File: ../../Desktop/Figures/IRIS_SMBTRMWS2.png Graphic file (type png)

<use ../../Desktop/Figures/IRIS_SMBTRMWS2.png>
Package pdftex.def Info: ../../Desktop/Figures/IRIS_SMBTRMWS2.png used on input
 line 1598.
(pdftex.def)             Requested size: 207.32315pt x 155.49104pt.

<../../Desktop/Figures/Habe_SMBTRMWS2.png, id=1261, 289.08pt x 216.81pt>
File: ../../Desktop/Figures/Habe_SMBTRMWS2.png Graphic file (type png)

<use ../../Desktop/Figures/Habe_SMBTRMWS2.png>
Package pdftex.def Info: ../../Desktop/Figures/Habe_SMBTRMWS2.png used on input
 line 1601.
(pdftex.def)             Requested size: 207.32315pt x 155.49104pt.

<../../Desktop/Figures/Nurs_SMBTRMWS2.png, id=1262, 289.08pt x 216.81pt>
File: ../../Desktop/Figures/Nurs_SMBTRMWS2.png Graphic file (type png)

<use ../../Desktop/Figures/Nurs_SMBTRMWS2.png>
Package pdftex.def Info: ../../Desktop/Figures/Nurs_SMBTRMWS2.png used on input
 line 1604.
(pdftex.def)             Requested size: 207.32315pt x 155.49104pt.

<../../Desktop/Figures/MNIST_SMBTRMWS2.png, id=1263, 289.08pt x 216.81pt>
File: ../../Desktop/Figures/MNIST_SMBTRMWS2.png Graphic file (type png)

<use ../../Desktop/Figures/MNIST_SMBTRMWS2.png>
Package pdftex.def Info: ../../Desktop/Figures/MNIST_SMBTRMWS2.png used on inpu
t line 1607.
(pdftex.def)             Requested size: 207.32315pt x 155.49104pt.
 [54] [55 <../../Desktop/Figures/Derm_TRMWS.png (PNG copy)> <../../Desktop/Figu
res/IRIS_TRMWS.png (PNG copy)> <../../Desktop/Figures/Habe_TRMWS.png (PNG copy)
> <../../Desktop/Figures/Nurs_TRMWS.png (PNG copy)> <../../Desktop/Figures/MNIS
T_TRMWS.png (PNG copy)>]
[56 <../../Desktop/figures/Derm_BTRMWS3.png (PNG copy)> <../../Desktop/figures/
IRIS_BTRMWS3.png (PNG copy)> <../../Desktop/figures/Habe_BTRMWS3.png (PNG copy)
> <../../Desktop/figures/Nurs_BTRMWS3.png (PNG copy)> <../../Desktop/figures/MN
IST_BTRMWS3.png (PNG copy)>] [57] [58 <../../Desktop/Figures/Derm_SMBTRMWS2.png
 (PNG copy)> <../../Desktop/Figures/IRIS_SMBTRMWS2.png (PNG copy)> <../../Deskt
op/Figures/Habe_SMBTRMWS2.png (PNG copy)> <../../Desktop/Figures/Nurs_SMBTRMWS2
.png (PNG copy)> <../../Desktop/Figures/MNIST_SMBTRMWS2.png (PNG copy)>]
<../../Desktop/Figures/CPU_time_p1_notitle.png, id=1289, 1040.38687pt x 425.339
07pt>
File: ../../Desktop/Figures/CPU_time_p1_notitle.png Graphic file (type png)
 <use ../../Desktop/Figures/CPU_time_p1_notitle.png>
Package pdftex.def Info: ../../Desktop/Figures/CPU_time_p1_notitle.png used on 
input line 1679.
(pdftex.def)             Requested size: 460.72124pt x 188.35692pt.

<../../Desktop/Figures/CPU_time_H_notitle.png, id=1292, 902.6222pt x 423.83344p
t>
File: ../../Desktop/Figures/CPU_time_H_notitle.png Graphic file (type png)
 <use ../../Desktop/Figures/CPU_time_H_notitle.png>
Package pdftex.def Info: ../../Desktop/Figures/CPU_time_H_notitle.png used on i
nput line 1685.
(pdftex.def)             Requested size: 460.72124pt x 216.33972pt.

<../../Desktop/Figures/CPU_time_p0_notitle.png, id=1293, 983.17313pt x 424.5862
4pt>
File: ../../Desktop/Figures/CPU_time_p0_notitle.png Graphic file (type png)
 <use ../../Desktop/Figures/CPU_time_p0_notitle.png>
Package pdftex.def Info: ../../Desktop/Figures/CPU_time_p0_notitle.png used on 
input line 1691.
(pdftex.def)             Requested size: 460.72124pt x 198.966pt.
 [59] [60 <../../Desktop/Figures/CPU_time_p1_notitle.png> <../../Desktop/Figure
s/CPU_time_H_notitle.png>] <../../Desktop/figures/Submaxiter_noSGD.png, id=1311
, 289.08pt x 216.81pt>
File: ../../Desktop/figures/Submaxiter_noSGD.png Graphic file (type png)

<use ../../Desktop/figures/Submaxiter_noSGD.png>
Package pdftex.def Info: ../../Desktop/figures/Submaxiter_noSGD.png used on inp
ut line 1702.
(pdftex.def)             Requested size: 225.75594pt x 169.31622pt.

<../../Desktop/figures/Submaxiter_epoch.png, id=1312, 289.08pt x 216.81pt>
File: ../../Desktop/figures/Submaxiter_epoch.png Graphic file (type png)

<use ../../Desktop/figures/Submaxiter_epoch.png>
Package pdftex.def Info: ../../Desktop/figures/Submaxiter_epoch.png used on inp
ut line 1705.
(pdftex.def)             Requested size: 225.75594pt x 169.31622pt.

<../../Desktop/figures/Submaxiter.png, id=1313, 289.08pt x 216.81pt>
File: ../../Desktop/figures/Submaxiter.png Graphic file (type png)

<use ../../Desktop/figures/Submaxiter.png>
Package pdftex.def Info: ../../Desktop/figures/Submaxiter.png used on input lin
e 1708.
(pdftex.def)             Requested size: 230.36061pt x 172.77003pt.
 [61 <../../Desktop/Figures/CPU_time_p0_notitle.png>] [62 <../../Desktop/figure
s/Submaxiter_noSGD.png (PNG copy)> <../../Desktop/figures/Submaxiter_epoch.png 
(PNG copy)> <../../Desktop/figures/Submaxiter.png (PNG copy)>] [63]
Overfull \hbox (3.29797pt too wide) in paragraph at lines 1762--1763
[]\OT1/cmr/m/n/12 The hy-per-pa-ram-e-ter pro-ce-dure re-sulted in val-ues for 
train-ing ex-am-ple sam-pling: $\OML/cmm/m/it/12 b[] \OT1/cmr/m/n/12 =$
 []

[64]
<../../Desktop/figures/XOR_robustness2.PNG, id=1337, 965.85844pt x 371.13657pt>
File: ../../Desktop/figures/XOR_robustness2.PNG Graphic file (type png)
<use ../../Desktop/figures/XOR_robustness2.PNG>
Package pdftex.def Info: ../../Desktop/figures/XOR_robustness2.PNG used on inpu
t line 1770.
(pdftex.def)             Requested size: 460.72124pt x 177.03355pt.

<../../Desktop/figures/XOR_robustness_perceptron2.PNG, id=1338, 1007.26312pt x 
462.97969pt>
File: ../../Desktop/figures/XOR_robustness_perceptron2.PNG Graphic file (type p
ng)
 <use ../../Desktop/figures/XOR_robustness_perceptron2.PNG>
Package pdftex.def Info: ../../Desktop/figures/XOR_robustness_perceptron2.PNG u
sed on input line 1778.
(pdftex.def)             Requested size: 460.72124pt x 211.7652pt.


LaTeX Warning: `h' float specifier changed to `ht'.

[65 <../../Desktop/figures/XOR_robustness2.PNG>] [66 <../../Desktop/figures/XOR
_robustness_perceptron2.PNG>]
Chapter 6.
[67


] [68] [69


]
Appendix A.

Package hyperref Warning: Difference (2) between bookmark levels is greater 
(hyperref)                than one, level fixed on input line 1833.

[70


] [71] [72] [73] [74]

LaTeX Warning: Reference `equation:df_dzL' on page 75 undefined on input line 1
985.

[75] [76]
Overfull \hbox (0.36499pt too wide) in paragraph at lines 2057--2057
[]\OT1/cmr/bx/n/14.4 Complexity Anal-y-sis of The Pearl-mut-ter Trick for ff-AN
Ns 
 []


Overfull \hbox (13.72998pt too wide) in paragraph at lines 2084--2092
\OT1/cmr/m/n/12 which takes con-stant time de-ter-mined by the non-linear func-
tion since the prod-uct $(\OT1/cmr/bx/n/12 W[]\OT1/cmr/m/n/12 )[]\OT1/cmr/bx/n/
12 z[] \OT1/cmr/m/n/12 +$
 []

[77] [78] [79] [80] [81] [82] [83] [84]
Appendix B.

LaTeX Warning: `h' float specifier changed to `ht'.

[85


] [86]
Appendix C.

LaTeX Warning: `h' float specifier changed to `ht'.

[87


] [88]
Appendix D.
[89


] (uw-ethesis.bbl [90




] [91] [92]
Underfull \hbox (badness 10000) in paragraph at lines 222--225
[]\OT1/cmr/m/n/12 Chao Yang.  The im-plic-itly restarted arnoldi method.
 []

)
Package atveryend Info: Empty hook `BeforeClearDocument' on input line 2417.
 [93]
Package atveryend Info: Empty hook `AfterLastShipout' on input line 2417.
 (uw-ethesis.aux)
Package atveryend Info: Executing hook `AtVeryEndDocument' on input line 2417.
Package atveryend Info: Executing hook `AtEndAfterFileList' on input line 2417.

Package rerunfilecheck Info: File `uw-ethesis.out' has not changed.
(rerunfilecheck)             Checksum: B8DEB3B9582259445BBED4B68E632320;4646.


LaTeX Warning: There were undefined references.


LaTeX Warning: There were multiply-defined labels.

Package atveryend Info: Empty hook `AtVeryVeryEnd' on input line 2417.
 ) 
Here is how much of TeX's memory you used:
 9696 strings out of 493673
 150478 string characters out of 3141524
 254266 words of memory out of 3000000
 12330 multiletter control sequences out of 15000+200000
 16080 words of font info for 60 fonts, out of 3000000 for 9000
 1025 hyphenation exceptions out of 8191
 36i,22n,41p,2640b,517s stack positions out of 5000i,500n,10000p,200000b,50000s
 <C:\Users\Colleen\AppData\Local\MiKTeX\2.9\fonts\pk\ljfour\public\cm\dpi600\
cmtt12.pk> <C:\Users\Colleen\AppData\Local\MiKTeX\2.9\fonts\pk\ljfour\public\cm
\dpi600\cmbx6.pk> <C:\Users\Colleen\AppData\Local\MiKTeX\2.9\fonts\pk\ljfour\pu
blic\cm\dpi720\cmmi12.pk> <C:\Users\Colleen\AppData\Local\MiKTeX\2.9\fonts\pk\l
jfour\public\cm\dpi600\cmsy6.pk> <C:\Users\Colleen\AppData\Local\MiKTeX\2.9\fon
ts\pk\ljfour\public\cm\dpi600\cmmi10.pk> <C:\Users\Colleen\AppData\Local\MiKTeX
\2.9\fonts\pk\ljfour\public\cm\dpi720\cmcsc10.pk> <C:\Users\Colleen\AppData\Loc
al\MiKTeX\2.9\fonts\pk\ljfour\public\cm\dpi600\cmti12.pk> <C:\Users\Colleen\App
Data\Local\MiKTeX\2.9\fonts\pk\ljfour\public\cm\dpi600\cmr10.pk> <C:\Users\Coll
een\AppData\Local\MiKTeX\2.9\fonts\pk\ljfour\public\amsfonts\dpi720\msbm10.pk> 
<C:\Users\Colleen\AppData\Local\MiKTeX\2.9\fonts\pk\ljfour\public\amsfonts\dpi4
80\msbm10.pk> <C:\Users\Colleen\AppData\Local\MiKTeX\2.9\fonts\pk\ljfour\public
\cm\dpi600\cmmi6.pk> <C:\Users\Colleen\AppData\Local\MiKTeX\2.9\fonts\pk\ljfour
\public\cm\dpi600\cmr6.pk> <C:\Users\Colleen\AppData\Local\MiKTeX\2.9\fonts\pk\
ljfour\public\cm\dpi600\cmbx8.pk> <C:\Users\Colleen\AppData\Local\MiKTeX\2.9\fo
nts\pk\ljfour\public\cm\dpi657\cmr10.pk> <C:\Users\Colleen\AppData\Local\MiKTeX
\2.9\fonts\pk\ljfour\public\cm\dpi720\cmex10.pk> <C:\Users\Colleen\AppData\Loca
l\MiKTeX\2.9\fonts\pk\ljfour\public\cm\dpi720\cmbx12.pk> <C:\Users\Colleen\AppD
ata\Local\MiKTeX\2.9\fonts\pk\ljfour\public\cm\dpi864\cmbx12.pk> <C:\Users\Coll
een\AppData\Local\MiKTeX\2.9\fonts\pk\ljfour\public\cm\dpi600\cmsy8.pk> <C:\Use
rs\Colleen\AppData\Local\MiKTeX\2.9\fonts\pk\ljfour\public\cm\dpi600\cmmi12.pk>
 <C:\Users\Colleen\AppData\Local\MiKTeX\2.9\fonts\pk\ljfour\public\cm\dpi600\cm
r8.pk> <C:\Users\Colleen\AppData\Local\MiKTeX\2.9\fonts\pk\ljfour\public\cm\dpi
600\cmmi8.pk> <C:\Users\Colleen\AppData\Local\MiKTeX\2.9\fonts\pk\ljfour\public
\cm\dpi600\cmbx12.pk> <C:\Users\Colleen\AppData\Local\MiKTeX\2.9\fonts\pk\ljfou
r\public\cm\dpi720\cmsy10.pk> <C:\Users\Colleen\AppData\Local\MiKTeX\2.9\fonts\
pk\ljfour\public\cm\dpi600\cmr17.pk> <C:\Users\Colleen\AppData\Local\MiKTeX\2.9
\fonts\pk\ljfour\public\cm\dpi600\cmr12.pk> <C:\Users\Colleen\AppData\Local\MiK
TeX\2.9\fonts\pk\ljfour\public\cm\dpi1244\cmbx12.pk>
Output written on uw-ethesis.pdf (105 pages, 1579363 bytes).
PDF statistics:
 2484 PDF objects out of 2487 (max. 8388607)
 545 named destinations out of 1000 (max. 500000)
 735 words of extra memory for PDF output out of 10000 (max. 10000000)

